# JRE version: OpenJDK Runtime Environment (8.0_242-b01) (build 1.8.0_242-release-1644-b01)
# Java VM: OpenJDK 64-Bit Server VM (25.242-b01 mixed mode windows-amd64 compressed oops)
Heap:
 PSYoungGen      total 370688K, used 190254K [0x00000000d5580000, 0x00000000ee400000, 0x0000000100000000)
  eden space 343552K, 55% used [0x00000000d5580000,0x00000000e0f4ba40,0x00000000ea500000)
  from space 27136K, 0% used [0x00000000eb200000,0x00000000eb200000,0x00000000ecc80000)
  to   space 24064K, 0% used [0x00000000ecc80000,0x00000000ecc80000,0x00000000ee400000)
 ParOldGen       total 244224K, used 66691K [0x0000000080000000, 0x000000008ee80000, 0x00000000d5580000)
  object space 244224K, 27% used [0x0000000080000000,0x0000000084120c08,0x000000008ee80000)
 Metaspace       used 96192K, capacity 101794K, committed 103040K, reserved 1140736K
  class space    used 12602K, capacity 13669K, committed 13952K, reserved 1048576K
GC Heap History (10 events):
Event: 6323.232 GC heap before
{Heap before GC invocations=17 (full 3):
 PSYoungGen      total 280064K, used 280049K [0x00000000d5580000, 0x00000000ec180000, 0x0000000100000000)
  eden space 257536K, 100% used [0x00000000d5580000,0x00000000e5100000,0x00000000e5100000)
  from space 22528K, 99% used [0x00000000e5100000,0x00000000e66fc5f8,0x00000000e6700000)
  to   space 30208K, 0% used [0x00000000ea400000,0x00000000ea400000,0x00000000ec180000)
 ParOldGen       total 151040K, used 41844K [0x0000000080000000, 0x0000000089380000, 0x00000000d5580000)
  object space 151040K, 27% used [0x0000000080000000,0x00000000828dd0d8,0x0000000089380000)
 Metaspace       used 87587K, capacity 92220K, committed 92416K, reserved 1128448K
  class space    used 11598K, capacity 12523K, committed 12544K, reserved 1048576K
Event: 6323.265 GC heap after
Heap after GC invocations=17 (full 3):
 PSYoungGen      total 340480K, used 5616K [0x00000000d5580000, 0x00000000ebf80000, 0x0000000100000000)
  eden space 312320K, 0% used [0x00000000d5580000,0x00000000d5580000,0x00000000e8680000)
  from space 28160K, 19% used [0x00000000ea400000,0x00000000ea97c160,0x00000000ebf80000)
  to   space 29184K, 0% used [0x00000000e8680000,0x00000000e8680000,0x00000000ea300000)
 ParOldGen       total 151040K, used 64078K [0x0000000080000000, 0x0000000089380000, 0x00000000d5580000)
  object space 151040K, 42% used [0x0000000080000000,0x0000000083e93bc8,0x0000000089380000)
 Metaspace       used 87587K, capacity 92220K, committed 92416K, reserved 1128448K
  class space    used 11598K, capacity 12523K, committed 12544K, reserved 1048576K
}
Event: 6457.760 GC heap before
{Heap before GC invocations=18 (full 3):
 PSYoungGen      total 340480K, used 317936K [0x00000000d5580000, 0x00000000ebf80000, 0x0000000100000000)
  eden space 312320K, 100% used [0x00000000d5580000,0x00000000e8680000,0x00000000e8680000)
  from space 28160K, 19% used [0x00000000ea400000,0x00000000ea97c160,0x00000000ebf80000)
  to   space 29184K, 0% used [0x00000000e8680000,0x00000000e8680000,0x00000000ea300000)
 ParOldGen       total 151040K, used 64078K [0x0000000080000000, 0x0000000089380000, 0x00000000d5580000)
  object space 151040K, 42% used [0x0000000080000000,0x0000000083e93bc8,0x0000000089380000)
 Metaspace       used 88743K, capacity 93574K, committed 93824K, reserved 1130496K
  class space    used 11671K, capacity 12637K, committed 12672K, reserved 1048576K
Event: 6457.774 GC heap after
Heap after GC invocations=18 (full 3):
 PSYoungGen      total 341504K, used 6991K [0x00000000d5580000, 0x00000000ef400000, 0x0000000100000000)
  eden space 312320K, 0% used [0x00000000d5580000,0x00000000d5580000,0x00000000e8680000)
  from space 29184K, 23% used [0x00000000e8680000,0x00000000e8d53ed8,0x00000000ea300000)
  to   space 28672K, 0% used [0x00000000ed800000,0x00000000ed800000,0x00000000ef400000)
 ParOldGen       total 151040K, used 64086K [0x0000000080000000, 0x0000000089380000, 0x00000000d5580000)
  object space 151040K, 42% used [0x0000000080000000,0x0000000083e95bc8,0x0000000089380000)
 Metaspace       used 88743K, capacity 93574K, committed 93824K, reserved 1130496K
  class space    used 11671K, capacity 12637K, committed 12672K, reserved 1048576K
}
Event: 7095.254 GC heap before
{Heap before GC invocations=19 (full 3):
 PSYoungGen      total 341504K, used 319311K [0x00000000d5580000, 0x00000000ef400000, 0x0000000100000000)
  eden space 312320K, 100% used [0x00000000d5580000,0x00000000e8680000,0x00000000e8680000)
  from space 29184K, 23% used [0x00000000e8680000,0x00000000e8d53ed8,0x00000000ea300000)
  to   space 28672K, 0% used [0x00000000ed800000,0x00000000ed800000,0x00000000ef400000)
 ParOldGen       total 151040K, used 64086K [0x0000000080000000, 0x0000000089380000, 0x00000000d5580000)
  object space 151040K, 42% used [0x0000000080000000,0x0000000083e95bc8,0x0000000089380000)
 Metaspace       used 89955K, capacity 95768K, committed 96000K, reserved 1132544K
  class space    used 11851K, capacity 12957K, committed 13056K, reserved 1048576K
Event: 7095.264 GC heap after
Heap after GC invocations=19 (full 3):
 PSYoungGen      total 372224K, used 8623K [0x00000000d5580000, 0x00000000ee700000, 0x0000000100000000)
  eden space 356864K, 0% used [0x00000000d5580000,0x00000000d5580000,0x00000000eb200000)
  from space 15360K, 56% used [0x00000000ed800000,0x00000000ee06bed8,0x00000000ee700000)
  to   space 27136K, 0% used [0x00000000eb200000,0x00000000eb200000,0x00000000ecc80000)
 ParOldGen       total 151040K, used 64094K [0x0000000080000000, 0x0000000089380000, 0x00000000d5580000)
  object space 151040K, 42% used [0x0000000080000000,0x0000000083e97bc8,0x0000000089380000)
 Metaspace       used 89955K, capacity 95768K, committed 96000K, reserved 1132544K
  class space    used 11851K, capacity 12957K, committed 13056K, reserved 1048576K
}
Event: 7693.859 GC heap before
{Heap before GC invocations=20 (full 3):
 PSYoungGen      total 372224K, used 207552K [0x00000000d5580000, 0x00000000ee700000, 0x0000000100000000)
  eden space 356864K, 55% used [0x00000000d5580000,0x00000000e17c4348,0x00000000eb200000)
  from space 15360K, 56% used [0x00000000ed800000,0x00000000ee06bed8,0x00000000ee700000)
  to   space 27136K, 0% used [0x00000000eb200000,0x00000000eb200000,0x00000000ecc80000)
 ParOldGen       total 151040K, used 64094K [0x0000000080000000, 0x0000000089380000, 0x00000000d5580000)
  object space 151040K, 42% used [0x0000000080000000,0x0000000083e97bc8,0x0000000089380000)
 Metaspace       used 92232K, capacity 98316K, committed 98496K, reserved 1134592K
  class space    used 12150K, capacity 13281K, committed 13312K, reserved 1048576K
Event: 7693.882 GC heap after
Heap after GC invocations=20 (full 3):
 PSYoungGen      total 370688K, used 27109K [0x00000000d5580000, 0x00000000ee400000, 0x0000000100000000)
  eden space 343552K, 0% used [0x00000000d5580000,0x00000000d5580000,0x00000000ea500000)
  from space 27136K, 99% used [0x00000000eb200000,0x00000000ecc796b8,0x00000000ecc80000)
  to   space 24064K, 0% used [0x00000000ecc80000,0x00000000ecc80000,0x00000000ee400000)
 ParOldGen       total 151040K, used 65695K [0x0000000080000000, 0x0000000089380000, 0x00000000d5580000)
  object space 151040K, 43% used [0x0000000080000000,0x0000000084027d00,0x0000000089380000)
 Metaspace       used 92232K, capacity 98316K, committed 98496K, reserved 1134592K
  class space    used 12150K, capacity 13281K, committed 13312K, reserved 1048576K
}
Event: 7693.882 GC heap before
{Heap before GC invocations=21 (full 4):
 PSYoungGen      total 370688K, used 27109K [0x00000000d5580000, 0x00000000ee400000, 0x0000000100000000)
  eden space 343552K, 0% used [0x00000000d5580000,0x00000000d5580000,0x00000000ea500000)
  from space 27136K, 99% used [0x00000000eb200000,0x00000000ecc796b8,0x00000000ecc80000)
  to   space 24064K, 0% used [0x00000000ecc80000,0x00000000ecc80000,0x00000000ee400000)
 ParOldGen       total 151040K, used 65695K [0x0000000080000000, 0x0000000089380000, 0x00000000d5580000)
  object space 151040K, 43% used [0x0000000080000000,0x0000000084027d00,0x0000000089380000)
 Metaspace       used 92232K, capacity 98316K, committed 98496K, reserved 1134592K
  class space    used 12150K, capacity 13281K, committed 13312K, reserved 1048576K
Event: 7694.125 GC heap after
Heap after GC invocations=21 (full 4):
 PSYoungGen      total 370688K, used 0K [0x00000000d5580000, 0x00000000ee400000, 0x0000000100000000)
  eden space 343552K, 0% used [0x00000000d5580000,0x00000000d5580000,0x00000000ea500000)
  from space 27136K, 0% used [0x00000000eb200000,0x00000000eb200000,0x00000000ecc80000)
  to   space 24064K, 0% used [0x00000000ecc80000,0x00000000ecc80000,0x00000000ee400000)
 ParOldGen       total 244224K, used 66691K [0x0000000080000000, 0x000000008ee80000, 0x00000000d5580000)
  object space 244224K, 27% used [0x0000000080000000,0x0000000084120c08,0x000000008ee80000)
 Metaspace       used 91700K, capacity 97058K, committed 98496K, reserved 1134592K
  class space    used 12001K, capacity 13027K, committed 13312K, reserved 1048576K
}

